<?xml version="1.0" encoding="UTF-8"?>
<!-- Generated by org.testng.reporters.JUnitXMLReporter -->
<testsuite hostname="DESKTOP-SK4CTUO" ignored="0" name="Default test" tests="3" failures="0" timestamp="2021-07-20T15:04:23 IST" time="5.758" errors="0">
  <testcase name="addBook" time="4.966" classname="files.DynamicJson"/>
  <testcase name="addBook" time="0.361" classname="files.DynamicJson"/>
  <testcase name="addBook" time="0.357" classname="files.DynamicJson"/>
</testsuite> <!-- Default test -->
