<?xml version="1.0" encoding="UTF-8"?>
<testng-results skipped="0" failed="0" ignored="0" total="1" passed="1">
  <reporter-output>
  </reporter-output>
  <suite name="Default suite" duration-ms="7335" started-at="2021-08-02T01:24:23 IST" finished-at="2021-08-02T01:24:30 IST">
    <groups>
    </groups>
    <test name="Default test" duration-ms="7335" started-at="2021-08-02T01:24:23 IST" finished-at="2021-08-02T01:24:30 IST">
      <class name="restAssured.ExcelDriven">
        <test-method status="PASS" signature="addBook()[pri:0, instance:restAssured.ExcelDriven@77f99a05]" name="addBook" duration-ms="7163" started-at="2021-08-02T01:24:23 IST" finished-at="2021-08-02T01:24:30 IST">
          <reporter-output>
          </reporter-output>
        </test-method> <!-- addBook -->
      </class> <!-- restAssured.ExcelDriven -->
    </test> <!-- Default test -->
  </suite> <!-- Default suite -->
</testng-results>
