<?xml version="1.0" encoding="UTF-8"?>
<testng-results skipped="0" failed="0" ignored="0" total="1" passed="1">
  <reporter-output>
  </reporter-output>
  <suite name="Default suite" duration-ms="2586" started-at="2021-07-20T13:32:44 IST" finished-at="2021-07-20T13:32:47 IST">
    <groups>
    </groups>
    <test name="Default test" duration-ms="2586" started-at="2021-07-20T13:32:44 IST" finished-at="2021-07-20T13:32:47 IST">
      <class name="files.DynamicJson2">
        <test-method status="PASS" signature="addBook()[pri:0, instance:files.DynamicJson2@56aac163]" name="addBook" duration-ms="2552" started-at="2021-07-20T13:32:44 IST" finished-at="2021-07-20T13:32:47 IST">
          <reporter-output>
          </reporter-output>
        </test-method> <!-- addBook -->
      </class> <!-- files.DynamicJson2 -->
    </test> <!-- Default test -->
  </suite> <!-- Default suite -->
</testng-results>
